2015-03-08 10:54:45,250 INFO  [main] eu.plumbr.agent.bVX - Extracting libs
2015-03-08 10:54:45,841 INFO  [main] eu.plumbr.agent.cbO - Native library successfully loaded
2015-03-08 10:54:45,841 INFO  [main] Native - Plumbr native logging started. Native agent built on Fri Feb 27 10:57:48 2015
2015-03-08 10:55:48,721 INFO  [main] eu.plumbr.agent.bVX - Overwriting existing libs. Use property 'overwriteNativeLibs' to change this
2015-03-08 10:55:49,315 INFO  [main] eu.plumbr.agent.cbO - Native library successfully loaded
2015-03-08 10:55:49,315 INFO  [main] Native - Plumbr native logging started. Native agent built on Fri Feb 27 10:57:48 2015
2015-03-08 10:56:21,676 INFO  [main] eu.plumbr.agent.bVX - Overwriting existing libs. Use property 'overwriteNativeLibs' to change this
2015-03-08 10:56:22,267 INFO  [main] eu.plumbr.agent.cbO - Native library successfully loaded
2015-03-08 10:56:22,267 INFO  [main] Native - Plumbr native logging started. Native agent built on Fri Feb 27 10:57:48 2015
2015-03-08 10:56:44,813 INFO  [main] eu.plumbr.agent.bVX - Overwriting existing libs. Use property 'overwriteNativeLibs' to change this
2015-03-08 10:56:45,418 INFO  [main] eu.plumbr.agent.cbO - Native library successfully loaded
2015-03-08 10:56:45,418 INFO  [main] Native - Plumbr native logging started. Native agent built on Fri Feb 27 10:57:48 2015
2015-03-08 10:57:29,995 INFO  [main] eu.plumbr.agent.bVX - Overwriting existing libs. Use property 'overwriteNativeLibs' to change this
2015-03-08 10:57:30,610 INFO  [main] eu.plumbr.agent.cbO - Native library successfully loaded
2015-03-08 10:57:30,610 INFO  [main] Native - Plumbr native logging started. Native agent built on Fri Feb 27 10:57:48 2015
2015-03-08 10:57:30,698 INFO  [main] eu.plumbr.agent.bYG - Main class: com.razormind.metaliquid.Main
2015-03-08 10:57:31,885 WARN  [netty - 1] eu.plumbr.agent.bXQ - Unknown websocket request: '{'request':'startUpdates', 'updateInterval':'5000'}'
2015-03-08 10:57:31,966 INFO  [netty - 1] eu.plumbr.agent.bXI - Handshake complete, websocket connection is fully established
2015-03-08 10:57:31,967 INFO  [Plumbr thread - 1] eu.plumbr.agent.bWa - Enabled probes: [allocation_stats, contention, gc, gcmbean, heap]
2015-03-08 10:57:31,981 INFO  [Plumbr thread - 1] eu.plumbr.agent.bWa - Plumbr session 004191E3wqjUYUc-0jSNRUNeT8IEUJ-BQ= started
2015-03-08 10:57:31,991 INFO  [Plumbr thread - 4] eu.plumbr.agent.bXj$a - Found major Garbage Collector MarkSweepCompact
2015-03-08 10:57:32,983 INFO  [Plumbr thread - 2] eu.plumbr.agent.bXo - Warmup completed. Plumbr status is running.
2015-03-08 10:57:33,009 INFO  [Plumbr thread - 5] eu.plumbr.agent.bWs - Object tracking started. Objects allocated during warmup: 37407
2015-03-08 10:57:41,983 INFO  [Plumbr thread - 4] eu.plumbr.agent.bWz - Running heap leak analysis.
2015-03-08 10:58:52,057 INFO  [Plumbr thread - 4] eu.plumbr.agent.bWz - Running heap leak analysis.
2015-03-08 11:00:02,066 INFO  [Plumbr thread - 4] eu.plumbr.agent.bWz - Running heap leak analysis.
2015-03-08 11:01:12,076 INFO  [Plumbr thread - 20] eu.plumbr.agent.bWz - Running heap leak analysis.
2015-03-08 11:02:22,087 INFO  [Plumbr thread - 18] eu.plumbr.agent.bWz - Running heap leak analysis.
2015-03-08 11:03:22,275 INFO  [Plumbr thread - 24] eu.plumbr.agent.bWz - Running heap leak analysis.
2015-03-08 11:04:32,286 INFO  [Plumbr thread - 24] eu.plumbr.agent.bWz - Running heap leak analysis.
2015-03-08 11:05:52,298 INFO  [Plumbr thread - 29] eu.plumbr.agent.bWz - Running heap leak analysis.
2015-03-08 11:08:33,839 INFO  [main] eu.plumbr.agent.bVX - Overwriting existing libs. Use property 'overwriteNativeLibs' to change this
2015-03-08 11:08:34,517 INFO  [main] eu.plumbr.agent.cbO - Native library successfully loaded
2015-03-08 11:08:34,518 INFO  [main] Native - Plumbr native logging started. Native agent built on Fri Feb 27 10:57:48 2015
2015-03-08 11:08:34,594 INFO  [main] eu.plumbr.agent.bYG - Main class: com.razormind.metaliquid.Main
2015-03-08 11:08:35,838 WARN  [netty - 1] eu.plumbr.agent.bXQ - Unknown websocket request: '{'request':'startUpdates', 'updateInterval':'5000'}'
2015-03-08 11:08:35,889 INFO  [netty - 1] eu.plumbr.agent.bXI - Handshake complete, websocket connection is fully established
2015-03-08 11:08:35,894 INFO  [Plumbr thread - 1] eu.plumbr.agent.bWa - Enabled probes: [allocation_stats, class_stats, contention, gc, gcmbean, heap]
2015-03-08 11:08:35,905 INFO  [Plumbr thread - 4] eu.plumbr.agent.bXj$a - Found major Garbage Collector MarkSweepCompact
2015-03-08 11:08:35,905 INFO  [Plumbr thread - 1] eu.plumbr.agent.bWa - Plumbr session 004191ju644SfnrOxVrSqwCa4ircedDAs= started
2015-03-08 11:08:36,906 INFO  [Plumbr thread - 2] eu.plumbr.agent.bXo - Warmup completed. Plumbr status is running.
2015-03-08 11:08:36,990 INFO  [Plumbr thread - 3] eu.plumbr.agent.bWs - Object tracking started. Objects allocated during warmup: 3885
2015-03-08 11:08:45,906 INFO  [Plumbr thread - 12] eu.plumbr.agent.bWz - Running heap leak analysis.
2015-03-08 11:09:55,913 INFO  [Plumbr thread - 9] eu.plumbr.agent.bWz - Running heap leak analysis.
2015-03-08 11:10:55,996 INFO  [Plumbr thread - 11] eu.plumbr.agent.bWz - Running heap leak analysis.
2015-03-08 11:12:06,005 INFO  [Plumbr thread - 12] eu.plumbr.agent.bWz - Running heap leak analysis.
2015-03-08 11:13:16,015 INFO  [Plumbr thread - 15] eu.plumbr.agent.bWz - Running heap leak analysis.
2015-03-08 11:13:16,034 INFO  [Plumbr thread - 15] eu.plumbr.agent.bWK - We have 14 leak suspects. Totally they consume approx. 83706610. This is 7.98288 of threshold value of 10485760. Confidence: 100
2015-03-08 11:13:16,036 INFO  [Plumbr thread - 16] eu.plumbr.agent.cay - We now have 14 leak suspects reported. Starting root cause analysis.
2015-03-08 11:13:16,684 INFO  [Plumbr thread - 16] Native - FollowReferences finished in 581 ms.
2015-03-08 11:13:16,687 INFO  [Plumbr thread - 16] Native - total 719744 objects tagged during walker, 719743 during this iteration
2015-03-08 11:13:42,059 INFO  [main] eu.plumbr.agent.bVX - Overwriting existing libs. Use property 'overwriteNativeLibs' to change this
2015-03-08 11:13:42,787 INFO  [main] eu.plumbr.agent.cbO - Native library successfully loaded
2015-03-08 11:13:42,787 INFO  [main] Native - Plumbr native logging started. Native agent built on Fri Feb 27 10:57:48 2015
2015-03-08 11:13:44,135 WARN  [netty - 1] eu.plumbr.agent.bXQ - Unknown websocket request: '{'request':'startUpdates', 'updateInterval':'5000'}'
2015-03-08 11:13:44,163 INFO  [netty - 1] eu.plumbr.agent.bXI - Handshake complete, websocket connection is fully established
2015-03-08 11:13:44,166 INFO  [Plumbr thread - 1] eu.plumbr.agent.bWa - Enabled probes: [allocation_stats, contention, gc, gcmbean, heap]
2015-03-08 11:13:44,191 INFO  [Plumbr thread - 5] eu.plumbr.agent.bXj$a - Found major Garbage Collector MarkSweepCompact
2015-03-08 11:13:44,192 INFO  [Plumbr thread - 1] eu.plumbr.agent.bWa - Plumbr session 004191XLiXYMLGNyME4ZLfalDZWBaEff0= started
2015-03-08 11:14:03,469 INFO  [main] eu.plumbr.agent.bYG - Main class: com.razormind.metaliquid.Main
2015-03-08 11:14:12,218 INFO  [Plumbr thread - 2] eu.plumbr.agent.bXo - Warmup completed. Plumbr status is running.
2015-03-08 11:14:12,266 INFO  [Plumbr thread - 14] eu.plumbr.agent.bWs - Object tracking started. Objects allocated during warmup: 7939
2015-03-08 11:14:14,194 INFO  [Plumbr thread - 3] eu.plumbr.agent.bWz - Running heap leak analysis.
2015-03-08 11:15:14,270 INFO  [Plumbr thread - 14] eu.plumbr.agent.bWz - Running heap leak analysis.
2015-03-08 11:16:24,290 INFO  [Plumbr thread - 10] eu.plumbr.agent.bWz - Running heap leak analysis.
2015-03-08 11:17:34,301 INFO  [Plumbr thread - 11] eu.plumbr.agent.bWz - Running heap leak analysis.
2015-03-08 11:18:44,312 INFO  [Plumbr thread - 10] eu.plumbr.agent.bWz - Running heap leak analysis.
2015-03-08 11:18:44,401 INFO  [Plumbr thread - 10] eu.plumbr.agent.bWK - We have 4 leak suspects. Totally they consume approx. 3648760. This is 0.34797 of threshold value of 10485760. Confidence: 34
2015-03-08 11:19:54,367 INFO  [Plumbr thread - 16] eu.plumbr.agent.bWz - Running heap leak analysis.
2015-03-08 11:21:04,376 INFO  [Plumbr thread - 16] eu.plumbr.agent.bWz - Running heap leak analysis.
2015-03-08 11:21:04,418 INFO  [Plumbr thread - 16] eu.plumbr.agent.bWK - We have 8 leak suspects. Totally they consume approx. 40905. This is 0.00390 of threshold value of 10485760. Confidence: 0
2015-03-08 11:22:04,601 INFO  [Plumbr thread - 21] eu.plumbr.agent.bWz - Running heap leak analysis.
2015-03-08 11:22:04,694 INFO  [Plumbr thread - 21] eu.plumbr.agent.bWK - We have 8 leak suspects. Totally they consume approx. 45940. This is 0.00438 of threshold value of 10485760. Confidence: 0
2015-03-08 11:23:43,025 WARN  [netty - 1] eu.plumbr.agent.cDE - Unexpected exception in the selector loop.
java.lang.OutOfMemoryError: Java heap space
2015-03-08 11:23:43,025 INFO  [Plumbr thread - 27] eu.plumbr.agent.bWz - Running heap leak analysis.
2015-03-08 11:23:43,906 INFO  [netty - 1] eu.plumbr.agent.bXS - Scheduling reconnect in 10 s
2015-03-08 11:23:53,909 INFO  [Plumbr thread - 2] eu.plumbr.agent.bXS - Trying to reconnect
2015-03-08 11:44:28,383 INFO  [main] eu.plumbr.agent.bVX - Overwriting existing libs. Use property 'overwriteNativeLibs' to change this
2015-03-08 11:44:29,885 INFO  [main] eu.plumbr.agent.cbO - Native library successfully loaded
2015-03-08 11:44:29,885 INFO  [main] Native - Plumbr native logging started. Native agent built on Fri Feb 27 10:57:48 2015
2015-03-08 11:44:29,981 INFO  [main] eu.plumbr.agent.bYG - Main class: com.razormind.metaliquid.Main
2015-03-08 11:44:30,965 WARN  [netty - 1] eu.plumbr.agent.bXQ - Unknown websocket request: '{'request':'startUpdates', 'updateInterval':'5000'}'
2015-03-08 11:44:31,011 INFO  [netty - 1] eu.plumbr.agent.bXI - Handshake complete, websocket connection is fully established
2015-03-08 11:44:31,012 INFO  [Plumbr thread - 1] eu.plumbr.agent.bWa - Enabled probes: [allocation_stats, contention, gc, gcmbean, heap]
2015-03-08 11:44:31,023 INFO  [Plumbr thread - 1] eu.plumbr.agent.bWa - Plumbr session 004191DEEkTsAzJOBp6blnzaJgRRgkeYc= started
2015-03-08 11:44:31,023 INFO  [Plumbr thread - 4] eu.plumbr.agent.bXj$a - Found major Garbage Collector MarkSweepCompact
2015-03-08 11:44:32,024 INFO  [Plumbr thread - 2] eu.plumbr.agent.bXo - Warmup completed. Plumbr status is running.
2015-03-08 11:44:32,048 INFO  [Plumbr thread - 1] eu.plumbr.agent.bWs - Object tracking started. Objects allocated during warmup: 43605
2015-03-08 11:44:41,024 INFO  [Plumbr thread - 8] eu.plumbr.agent.bWz - Running heap leak analysis.
2015-03-08 11:45:51,031 INFO  [Plumbr thread - 11] eu.plumbr.agent.bWz - Running heap leak analysis.
2015-03-08 11:47:32,448 INFO  [main] eu.plumbr.agent.bVX - Overwriting existing libs. Use property 'overwriteNativeLibs' to change this
2015-03-08 11:47:33,069 INFO  [main] eu.plumbr.agent.cbO - Native library successfully loaded
2015-03-08 11:47:33,069 INFO  [main] Native - Plumbr native logging started. Native agent built on Fri Feb 27 10:57:48 2015
2015-03-08 11:47:33,158 INFO  [main] eu.plumbr.agent.bYG - Main class: com.razormind.metaliquid.Main
2015-03-08 11:47:34,271 WARN  [netty - 1] eu.plumbr.agent.bXQ - Unknown websocket request: '{'request':'startUpdates', 'updateInterval':'5000'}'
2015-03-08 11:47:34,314 INFO  [netty - 1] eu.plumbr.agent.bXI - Handshake complete, websocket connection is fully established
2015-03-08 11:47:34,318 INFO  [Plumbr thread - 1] eu.plumbr.agent.bWa - Enabled probes: [allocation_stats, contention, gc, gcmbean, heap]
2015-03-08 11:47:34,331 INFO  [Plumbr thread - 1] eu.plumbr.agent.bWa - Plumbr session 004191sAhVJ_41TY_DzI7a2AXaHGjascU= started
2015-03-08 11:47:34,331 INFO  [Plumbr thread - 4] eu.plumbr.agent.bXj$a - Found major Garbage Collector MarkSweepCompact
2015-03-08 11:47:35,332 INFO  [Plumbr thread - 2] eu.plumbr.agent.bXo - Warmup completed. Plumbr status is running.
2015-03-08 11:47:35,357 INFO  [Plumbr thread - 1] eu.plumbr.agent.bWs - Object tracking started. Objects allocated during warmup: 36188
2015-03-08 11:47:44,333 INFO  [Plumbr thread - 14] eu.plumbr.agent.bWz - Running heap leak analysis.
2015-03-08 11:53:38,072 INFO  [main] eu.plumbr.agent.bVX - Overwriting existing libs. Use property 'overwriteNativeLibs' to change this
2015-03-08 11:53:38,701 INFO  [main] eu.plumbr.agent.cbO - Native library successfully loaded
2015-03-08 11:53:38,701 INFO  [main] Native - Plumbr native logging started. Native agent built on Fri Feb 27 10:57:48 2015
2015-03-08 11:53:40,249 WARN  [netty - 1] eu.plumbr.agent.bXQ - Unknown websocket request: '{'request':'startUpdates', 'updateInterval':'5000'}'
2015-03-08 11:53:40,295 INFO  [netty - 1] eu.plumbr.agent.bXI - Handshake complete, websocket connection is fully established
2015-03-08 11:53:40,298 INFO  [Plumbr thread - 1] eu.plumbr.agent.bWa - Enabled probes: [allocation_stats, contention, gc, gcmbean, heap]
2015-03-08 11:53:40,323 INFO  [Plumbr thread - 5] eu.plumbr.agent.bXj$a - Found major Garbage Collector MarkSweepCompact
2015-03-08 11:53:40,324 INFO  [Plumbr thread - 1] eu.plumbr.agent.bWa - Plumbr session 004191vgXP5bmxJSqDB1A63FjJVrVGUD0= started
2015-03-08 11:53:44,163 INFO  [main] eu.plumbr.agent.bYG - Main class: com.razormind.metaliquid.Main
2015-03-08 11:53:48,331 INFO  [Plumbr thread - 2] eu.plumbr.agent.bXo - Warmup completed. Plumbr status is running.
2015-03-08 11:53:48,381 INFO  [Plumbr thread - 13] eu.plumbr.agent.bWs - Object tracking started. Objects allocated during warmup: 14212
2015-03-08 11:53:50,324 INFO  [Plumbr thread - 4] eu.plumbr.agent.bWz - Running heap leak analysis.
2015-03-08 11:55:10,332 INFO  [Plumbr thread - 15] eu.plumbr.agent.bWz - Running heap leak analysis.
2015-03-08 11:56:38,977 INFO  [main] eu.plumbr.agent.bVX - Overwriting existing libs. Use property 'overwriteNativeLibs' to change this
2015-03-08 11:56:39,603 INFO  [main] eu.plumbr.agent.cbO - Native library successfully loaded
2015-03-08 11:56:39,604 INFO  [main] Native - Plumbr native logging started. Native agent built on Fri Feb 27 10:57:48 2015
2015-03-08 11:56:40,804 WARN  [netty - 1] eu.plumbr.agent.bXQ - Unknown websocket request: '{'request':'startUpdates', 'updateInterval':'5000'}'
2015-03-08 11:56:41,127 INFO  [netty - 1] eu.plumbr.agent.bXI - Handshake complete, websocket connection is fully established
2015-03-08 11:56:41,130 INFO  [Plumbr thread - 1] eu.plumbr.agent.bWa - Enabled probes: [allocation_stats, class_stats, contention, gc, gcmbean, heap]
2015-03-08 11:56:41,155 INFO  [Plumbr thread - 5] eu.plumbr.agent.bXj$a - Found major Garbage Collector MarkSweepCompact
2015-03-08 11:56:41,156 INFO  [Plumbr thread - 1] eu.plumbr.agent.bWa - Plumbr session 004191iwsvoedxg0IOkUXa54AciN_049E= started
2015-03-08 11:56:43,632 INFO  [main] eu.plumbr.agent.bYG - Main class: com.razormind.metaliquid.Main
2015-03-08 11:56:52,168 INFO  [Plumbr thread - 2] eu.plumbr.agent.bXo - Warmup completed. Plumbr status is running.
2015-03-08 11:56:52,217 INFO  [Plumbr thread - 13] eu.plumbr.agent.bWs - Object tracking started. Objects allocated during warmup: 8524
2015-03-08 11:57:01,157 INFO  [Plumbr thread - 13] eu.plumbr.agent.bWz - Running heap leak analysis.
2015-03-08 11:58:11,166 INFO  [Plumbr thread - 13] eu.plumbr.agent.bWz - Running heap leak analysis.
2015-03-08 12:00:01,178 INFO  [Plumbr thread - 8] eu.plumbr.agent.bWz - Running heap leak analysis.
2015-03-08 12:12:25,695 INFO  [main] eu.plumbr.agent.bVX - Overwriting existing libs. Use property 'overwriteNativeLibs' to change this
2015-03-08 12:12:26,317 INFO  [main] eu.plumbr.agent.cbO - Native library successfully loaded
2015-03-08 12:12:26,317 INFO  [main] Native - Plumbr native logging started. Native agent built on Fri Feb 27 10:57:48 2015
2015-03-08 12:12:27,504 WARN  [netty - 1] eu.plumbr.agent.bXQ - Unknown websocket request: '{'request':'startUpdates', 'updateInterval':'5000'}'
2015-03-08 12:12:27,555 INFO  [netty - 1] eu.plumbr.agent.bXI - Handshake complete, websocket connection is fully established
2015-03-08 12:12:27,558 INFO  [Plumbr thread - 1] eu.plumbr.agent.bWa - Enabled probes: [allocation_stats, contention, gc, gcmbean, heap]
2015-03-08 12:12:27,583 INFO  [Plumbr thread - 5] eu.plumbr.agent.bXj$a - Found major Garbage Collector MarkSweepCompact
2015-03-08 12:12:27,584 INFO  [Plumbr thread - 1] eu.plumbr.agent.bWa - Plumbr session 0041918IrPHNcyWuzU4RGeb51ku4jC4xc= started
2015-03-08 12:12:31,575 INFO  [main] eu.plumbr.agent.bYG - Main class: com.razormind.metaliquid.Main
2015-03-08 12:12:32,590 INFO  [Plumbr thread - 2] eu.plumbr.agent.bXo - Warmup completed. Plumbr status is running.
2015-03-08 12:12:32,606 INFO  [Plumbr thread - 11] eu.plumbr.agent.bWs - Object tracking started. Objects allocated during warmup: 599
2015-03-08 12:12:37,584 INFO  [Plumbr thread - 11] eu.plumbr.agent.bWz - Running heap leak analysis.
2015-03-08 12:14:07,593 INFO  [Plumbr thread - 12] eu.plumbr.agent.bWz - Running heap leak analysis.
2015-03-08 12:51:08,822 INFO  [main] eu.plumbr.agent.bVX - Overwriting existing libs. Use property 'overwriteNativeLibs' to change this
2015-03-08 12:51:10,529 INFO  [main] eu.plumbr.agent.cbO - Native library successfully loaded
2015-03-08 12:51:10,529 INFO  [main] Native - Plumbr native logging started. Native agent built on Fri Feb 27 10:57:48 2015
2015-03-08 12:51:10,588 INFO  [main] eu.plumbr.agent.bYG - Main class: org.eclipse.jdt.internal.jarinjarloader.JarRsrcLoader
2015-03-08 12:51:11,395 WARN  [netty - 1] eu.plumbr.agent.bXQ - Unknown websocket request: '{'request':'startUpdates', 'updateInterval':'5000'}'
2015-03-08 12:51:11,446 INFO  [netty - 1] eu.plumbr.agent.bXI - Handshake complete, websocket connection is fully established
2015-03-08 12:51:11,454 INFO  [Plumbr thread - 1] eu.plumbr.agent.bWa - Enabled probes: [allocation_stats, contention, gc, gcmbean, heap]
2015-03-08 12:51:11,466 INFO  [Plumbr thread - 4] eu.plumbr.agent.bXj$a - Found major Garbage Collector MarkSweepCompact
2015-03-08 12:51:11,466 INFO  [Plumbr thread - 1] eu.plumbr.agent.bWa - Plumbr session 004191Ww8zkx_g1p__soBBM1JH53xgE48= started
2015-03-08 12:51:24,478 INFO  [Plumbr thread - 2] eu.plumbr.agent.bXo - Warmup completed. Plumbr status is running.
2015-03-08 12:51:24,522 INFO  [Plumbr thread - 16] eu.plumbr.agent.bWs - Object tracking started. Objects allocated during warmup: 37085
2015-03-08 12:57:29,062 INFO  [main] eu.plumbr.agent.bVX - Overwriting existing libs. Use property 'overwriteNativeLibs' to change this
2015-03-08 12:57:29,666 INFO  [main] eu.plumbr.agent.cbO - Native library successfully loaded
2015-03-08 12:57:29,666 INFO  [main] Native - Plumbr native logging started. Native agent built on Fri Feb 27 10:57:48 2015
2015-03-08 12:57:29,733 INFO  [main] eu.plumbr.agent.bYG - Main class: org.eclipse.jdt.internal.jarinjarloader.JarRsrcLoader
2015-03-08 12:57:30,650 WARN  [netty - 1] eu.plumbr.agent.bXQ - Unknown websocket request: '{'request':'startUpdates', 'updateInterval':'5000'}'
2015-03-08 12:57:30,696 INFO  [netty - 1] eu.plumbr.agent.bXI - Handshake complete, websocket connection is fully established
2015-03-08 12:57:30,703 INFO  [Plumbr thread - 1] eu.plumbr.agent.bWa - Enabled probes: [allocation_stats, contention, gc, gcmbean, heap]
2015-03-08 12:57:30,715 INFO  [Plumbr thread - 1] eu.plumbr.agent.bWa - Plumbr session 004191VpVIGDRG3H_877XnZPPOF8KuGQw= started
2015-03-08 12:57:30,715 INFO  [Plumbr thread - 4] eu.plumbr.agent.bXj$a - Found major Garbage Collector MarkSweepCompact
2015-03-08 12:57:41,726 INFO  [Plumbr thread - 2] eu.plumbr.agent.bXo - Warmup completed. Plumbr status is running.
2015-03-08 12:57:41,735 INFO  [Plumbr thread - 1] eu.plumbr.agent.bWs - Object tracking started. Objects allocated during warmup: 16937
2015-03-08 12:58:06,848 INFO  [main] eu.plumbr.agent.bVX - Overwriting existing libs. Use property 'overwriteNativeLibs' to change this
2015-03-08 12:58:07,444 INFO  [main] eu.plumbr.agent.cbO - Native library successfully loaded
2015-03-08 12:58:07,444 INFO  [main] Native - Plumbr native logging started. Native agent built on Fri Feb 27 10:57:48 2015
2015-03-08 12:58:07,509 INFO  [main] eu.plumbr.agent.bYG - Main class: org.eclipse.jdt.internal.jarinjarloader.JarRsrcLoader
2015-03-08 12:58:08,445 WARN  [netty - 1] eu.plumbr.agent.bXQ - Unknown websocket request: '{'request':'startUpdates', 'updateInterval':'5000'}'
2015-03-08 12:58:08,510 INFO  [netty - 1] eu.plumbr.agent.bXI - Handshake complete, websocket connection is fully established
2015-03-08 12:58:08,518 INFO  [Plumbr thread - 1] eu.plumbr.agent.bWa - Enabled probes: [allocation_stats, contention, gc, gcmbean, heap]
2015-03-08 12:58:08,530 INFO  [Plumbr thread - 1] eu.plumbr.agent.bWa - Plumbr session 00419162jn3qJWnI2uieYS53HbYzkVNpc= started
2015-03-08 12:58:08,530 INFO  [Plumbr thread - 4] eu.plumbr.agent.bXj$a - Found major Garbage Collector MarkSweepCompact
2015-03-08 12:58:19,540 INFO  [Plumbr thread - 2] eu.plumbr.agent.bXo - Warmup completed. Plumbr status is running.
2015-03-08 12:58:19,592 INFO  [Plumbr thread - 7] eu.plumbr.agent.bWs - Object tracking started. Objects allocated during warmup: 17249
2015-03-08 12:58:28,531 INFO  [Plumbr thread - 7] eu.plumbr.agent.bWz - Running heap leak analysis.
2015-03-08 12:58:33,237 INFO  [main] eu.plumbr.agent.bVX - Overwriting existing libs. Use property 'overwriteNativeLibs' to change this
2015-03-08 12:58:34,003 INFO  [main] eu.plumbr.agent.cbO - Native library successfully loaded
2015-03-08 12:58:34,003 INFO  [main] Native - Plumbr native logging started. Native agent built on Fri Feb 27 10:57:48 2015
2015-03-08 12:58:34,067 INFO  [main] eu.plumbr.agent.bYG - Main class: org.eclipse.jdt.internal.jarinjarloader.JarRsrcLoader
2015-03-08 12:58:34,973 WARN  [netty - 1] eu.plumbr.agent.bXQ - Unknown websocket request: '{'request':'startUpdates', 'updateInterval':'5000'}'
2015-03-08 12:58:35,020 INFO  [netty - 1] eu.plumbr.agent.bXI - Handshake complete, websocket connection is fully established
2015-03-08 12:58:35,023 INFO  [Plumbr thread - 1] eu.plumbr.agent.bWa - Enabled probes: [allocation_stats, class_stats, contention, gc, gcmbean, heap]
2015-03-08 12:58:35,035 INFO  [Plumbr thread - 1] eu.plumbr.agent.bWa - Plumbr session 004191e8US8lIjfTuYe_tHAo5AtMkWSHc= started
2015-03-08 12:58:35,035 INFO  [Plumbr thread - 4] eu.plumbr.agent.bXj$a - Found major Garbage Collector MarkSweepCompact
2015-03-08 12:58:47,044 INFO  [Plumbr thread - 2] eu.plumbr.agent.bXo - Warmup completed. Plumbr status is running.
2015-03-08 12:58:47,090 INFO  [Plumbr thread - 13] eu.plumbr.agent.bWs - Object tracking started. Objects allocated during warmup: 17980
2015-03-08 12:58:49,430 INFO  [main] eu.plumbr.agent.bVX - Overwriting existing libs. Use property 'overwriteNativeLibs' to change this
2015-03-08 12:58:50,034 INFO  [main] eu.plumbr.agent.cbO - Native library successfully loaded
2015-03-08 12:58:50,035 INFO  [main] Native - Plumbr native logging started. Native agent built on Fri Feb 27 10:57:48 2015
2015-03-08 12:58:50,099 INFO  [main] eu.plumbr.agent.bYG - Main class: org.eclipse.jdt.internal.jarinjarloader.JarRsrcLoader
2015-03-08 12:58:51,062 WARN  [netty - 1] eu.plumbr.agent.bXQ - Unknown websocket request: '{'request':'startUpdates', 'updateInterval':'5000'}'
2015-03-08 12:58:51,108 INFO  [netty - 1] eu.plumbr.agent.bXI - Handshake complete, websocket connection is fully established
2015-03-08 12:58:51,110 INFO  [Plumbr thread - 1] eu.plumbr.agent.bWa - Enabled probes: [allocation_stats, class_stats, contention, gc, gcmbean, heap]
2015-03-08 12:58:51,122 INFO  [Plumbr thread - 1] eu.plumbr.agent.bWa - Plumbr session 004191y4jaMdgNps-OMv_-c6Hotp1NO4k= started
2015-03-08 12:58:51,122 INFO  [Plumbr thread - 4] eu.plumbr.agent.bXj$a - Found major Garbage Collector MarkSweepCompact
2015-03-08 12:59:03,135 INFO  [Plumbr thread - 2] eu.plumbr.agent.bXo - Warmup completed. Plumbr status is running.
2015-03-08 12:59:03,149 INFO  [Plumbr thread - 4] eu.plumbr.agent.bWs - Object tracking started. Objects allocated during warmup: 17578
2015-03-08 12:59:11,123 INFO  [Plumbr thread - 14] eu.plumbr.agent.bWz - Running heap leak analysis.
2015-03-08 12:59:19,524 INFO  [main] eu.plumbr.agent.bVX - Overwriting existing libs. Use property 'overwriteNativeLibs' to change this
2015-03-08 12:59:20,120 INFO  [main] eu.plumbr.agent.cbO - Native library successfully loaded
2015-03-08 12:59:20,120 INFO  [main] Native - Plumbr native logging started. Native agent built on Fri Feb 27 10:57:48 2015
2015-03-08 12:59:20,187 INFO  [main] eu.plumbr.agent.bYG - Main class: org.eclipse.jdt.internal.jarinjarloader.JarRsrcLoader
2015-03-08 12:59:21,112 WARN  [netty - 1] eu.plumbr.agent.bXQ - Unknown websocket request: '{'request':'startUpdates', 'updateInterval':'5000'}'
2015-03-08 12:59:21,173 INFO  [netty - 1] eu.plumbr.agent.bXI - Handshake complete, websocket connection is fully established
2015-03-08 12:59:21,175 INFO  [Plumbr thread - 1] eu.plumbr.agent.bWa - Enabled probes: [allocation_stats, class_stats, contention, gc, gcmbean, heap]
2015-03-08 12:59:21,188 INFO  [Plumbr thread - 4] eu.plumbr.agent.bXj$a - Found major Garbage Collector MarkSweepCompact
2015-03-08 12:59:21,188 INFO  [Plumbr thread - 1] eu.plumbr.agent.bWa - Plumbr session 004191hCZ68slDm7NZl9DjvrTxB7fG2Xc= started
2015-03-08 12:59:32,196 INFO  [Plumbr thread - 2] eu.plumbr.agent.bXo - Warmup completed. Plumbr status is running.
2015-03-08 12:59:32,204 INFO  [Plumbr thread - 5] eu.plumbr.agent.bWs - Object tracking started. Objects allocated during warmup: 17237
2015-03-08 12:59:34,731 INFO  [main] eu.plumbr.agent.bVX - Overwriting existing libs. Use property 'overwriteNativeLibs' to change this
2015-03-08 12:59:35,324 INFO  [main] eu.plumbr.agent.cbO - Native library successfully loaded
2015-03-08 12:59:35,324 INFO  [main] Native - Plumbr native logging started. Native agent built on Fri Feb 27 10:57:48 2015
2015-03-08 12:59:35,390 INFO  [main] eu.plumbr.agent.bYG - Main class: org.eclipse.jdt.internal.jarinjarloader.JarRsrcLoader
2015-03-08 12:59:36,341 WARN  [netty - 1] eu.plumbr.agent.bXQ - Unknown websocket request: '{'request':'startUpdates', 'updateInterval':'5000'}'
2015-03-08 12:59:36,386 INFO  [netty - 1] eu.plumbr.agent.bXI - Handshake complete, websocket connection is fully established
2015-03-08 12:59:36,388 INFO  [Plumbr thread - 1] eu.plumbr.agent.bWa - Enabled probes: [allocation_stats, class_stats, contention, gc, gcmbean, heap]
2015-03-08 12:59:36,400 INFO  [Plumbr thread - 1] eu.plumbr.agent.bWa - Plumbr session 004191mU0EDtprothGVVP49SISQ7wz1I4= started
2015-03-08 12:59:36,400 INFO  [Plumbr thread - 4] eu.plumbr.agent.bXj$a - Found major Garbage Collector MarkSweepCompact
2015-03-08 12:59:48,411 INFO  [Plumbr thread - 2] eu.plumbr.agent.bXo - Warmup completed. Plumbr status is running.
2015-03-08 12:59:48,458 INFO  [Plumbr thread - 6] eu.plumbr.agent.bWs - Object tracking started. Objects allocated during warmup: 17268
2015-03-08 12:59:56,402 INFO  [Plumbr thread - 7] eu.plumbr.agent.bWz - Running heap leak analysis.
2015-03-08 13:00:50,924 INFO  [main] eu.plumbr.agent.bVX - Overwriting existing libs. Use property 'overwriteNativeLibs' to change this
2015-03-08 13:00:51,548 INFO  [main] eu.plumbr.agent.cbO - Native library successfully loaded
2015-03-08 13:00:51,548 INFO  [main] Native - Plumbr native logging started. Native agent built on Fri Feb 27 10:57:48 2015
2015-03-08 13:00:51,620 INFO  [main] eu.plumbr.agent.bYG - Main class: org.eclipse.jdt.internal.jarinjarloader.JarRsrcLoader
2015-03-08 13:00:52,550 WARN  [netty - 1] eu.plumbr.agent.bXQ - Unknown websocket request: '{'request':'startUpdates', 'updateInterval':'5000'}'
2015-03-08 13:00:52,599 INFO  [netty - 1] eu.plumbr.agent.bXI - Handshake complete, websocket connection is fully established
2015-03-08 13:00:52,606 INFO  [Plumbr thread - 1] eu.plumbr.agent.bWa - Enabled probes: [allocation_stats, contention, gc, gcmbean, heap]
2015-03-08 13:00:52,618 INFO  [Plumbr thread - 1] eu.plumbr.agent.bWa - Plumbr session 004191kgJk6BYIs2pFqccPiLQOtzGV_tc= started
2015-03-08 13:00:52,618 INFO  [Plumbr thread - 4] eu.plumbr.agent.bXj$a - Found major Garbage Collector MarkSweepCompact
2015-03-08 13:02:05,449 INFO  [main] eu.plumbr.agent.bVX - Overwriting existing libs. Use property 'overwriteNativeLibs' to change this
2015-03-08 13:02:06,055 INFO  [main] eu.plumbr.agent.cbO - Native library successfully loaded
2015-03-08 13:02:06,055 INFO  [main] Native - Plumbr native logging started. Native agent built on Fri Feb 27 10:57:48 2015
2015-03-08 13:02:06,122 INFO  [main] eu.plumbr.agent.bYG - Main class: org.eclipse.jdt.internal.jarinjarloader.JarRsrcLoader
2015-03-08 13:02:07,073 WARN  [netty - 1] eu.plumbr.agent.bXQ - Unknown websocket request: '{'request':'startUpdates', 'updateInterval':'5000'}'
2015-03-08 13:02:07,121 INFO  [netty - 1] eu.plumbr.agent.bXI - Handshake complete, websocket connection is fully established
2015-03-08 13:02:07,128 INFO  [Plumbr thread - 1] eu.plumbr.agent.bWa - Enabled probes: [allocation_stats, class_stats, contention, gc, gcmbean, heap]
2015-03-08 13:02:07,141 INFO  [Plumbr thread - 1] eu.plumbr.agent.bWa - Plumbr session 004191oLsoEp7ieI8pKAXY8so46s4-XGM= started
2015-03-08 13:02:07,141 INFO  [Plumbr thread - 4] eu.plumbr.agent.bXj$a - Found major Garbage Collector MarkSweepCompact
2015-03-08 13:02:18,157 INFO  [Plumbr thread - 2] eu.plumbr.agent.bXo - Warmup completed. Plumbr status is running.
2015-03-08 13:02:18,201 INFO  [Plumbr thread - 1] eu.plumbr.agent.bWs - Object tracking started. Objects allocated during warmup: 548
2015-03-08 13:02:27,143 INFO  [Plumbr thread - 14] eu.plumbr.agent.bWz - Running heap leak analysis.
2015-03-08 13:03:37,208 INFO  [Plumbr thread - 5] eu.plumbr.agent.bWz - Running heap leak analysis.
2015-03-08 13:04:47,281 INFO  [Plumbr thread - 15] eu.plumbr.agent.bWz - Running heap leak analysis.
2015-03-08 13:05:03,220 INFO  [main] eu.plumbr.agent.bVX - Overwriting existing libs. Use property 'overwriteNativeLibs' to change this
2015-03-08 13:05:04,748 INFO  [main] eu.plumbr.agent.cbO - Native library successfully loaded
2015-03-08 13:05:04,748 INFO  [main] Native - Plumbr native logging started. Native agent built on Fri Feb 27 10:57:48 2015
2015-03-08 13:05:04,823 INFO  [main] eu.plumbr.agent.bYG - Main class: org.eclipse.jdt.internal.jarinjarloader.JarRsrcLoader
2015-03-08 13:05:05,586 WARN  [netty - 1] eu.plumbr.agent.bXQ - Unknown websocket request: '{'request':'startUpdates', 'updateInterval':'5000'}'
2015-03-08 13:05:05,663 INFO  [netty - 1] eu.plumbr.agent.bXI - Handshake complete, websocket connection is fully established
2015-03-08 13:05:05,683 INFO  [Plumbr thread - 1] eu.plumbr.agent.bWa - Enabled probes: [allocation_stats, class_stats, contention, gc, gcmbean, heap]
2015-03-08 13:05:05,696 INFO  [Plumbr thread - 4] eu.plumbr.agent.bXj$a - Found major Garbage Collector MarkSweepCompact
2015-03-08 13:05:05,696 INFO  [Plumbr thread - 1] eu.plumbr.agent.bWa - Plumbr session 004191A4IvArRN9bM6SXa-lkwoAnN4lSk= started
2015-03-08 13:05:17,712 INFO  [Plumbr thread - 2] eu.plumbr.agent.bXo - Warmup completed. Plumbr status is running.
2015-03-08 13:05:17,750 INFO  [Plumbr thread - 4] eu.plumbr.agent.bWs - Object tracking started. Objects allocated during warmup: 17732
2015-03-08 13:05:25,699 INFO  [Plumbr thread - 14] eu.plumbr.agent.bWz - Running heap leak analysis.
2015-03-08 13:06:35,746 INFO  [Plumbr thread - 14] eu.plumbr.agent.bWz - Running heap leak analysis.
2015-03-08 13:07:45,753 INFO  [Plumbr thread - 15] eu.plumbr.agent.bWz - Running heap leak analysis.
2015-03-08 13:07:47,082 INFO  [main] eu.plumbr.agent.bVX - Overwriting existing libs. Use property 'overwriteNativeLibs' to change this
2015-03-08 13:07:47,804 INFO  [main] eu.plumbr.agent.cbO - Native library successfully loaded
2015-03-08 13:07:47,804 INFO  [main] Native - Plumbr native logging started. Native agent built on Fri Feb 27 10:57:48 2015
2015-03-08 13:07:47,867 INFO  [main] eu.plumbr.agent.bYG - Main class: org.eclipse.jdt.internal.jarinjarloader.JarRsrcLoader
2015-03-08 13:07:48,824 WARN  [netty - 1] eu.plumbr.agent.bXQ - Unknown websocket request: '{'request':'startUpdates', 'updateInterval':'5000'}'
2015-03-08 13:07:48,874 INFO  [netty - 1] eu.plumbr.agent.bXI - Handshake complete, websocket connection is fully established
2015-03-08 13:07:48,876 INFO  [Plumbr thread - 1] eu.plumbr.agent.bWa - Enabled probes: [allocation_stats, class_stats, contention, gc, gcmbean, heap]
2015-03-08 13:07:48,888 INFO  [Plumbr thread - 1] eu.plumbr.agent.bWa - Plumbr session 004191bo5E61kEaaqHCRFLCaFpdLyKjQU= started
2015-03-08 13:07:48,888 INFO  [Plumbr thread - 4] eu.plumbr.agent.bXj$a - Found major Garbage Collector MarkSweepCompact
2015-03-08 13:08:00,901 INFO  [Plumbr thread - 2] eu.plumbr.agent.bXo - Warmup completed. Plumbr status is running.
2015-03-08 13:08:00,947 INFO  [Plumbr thread - 15] eu.plumbr.agent.bWs - Object tracking started. Objects allocated during warmup: 17740
2015-03-08 13:08:08,890 INFO  [Plumbr thread - 16] eu.plumbr.agent.bWz - Running heap leak analysis.
2015-03-08 13:09:18,900 INFO  [Plumbr thread - 13] eu.plumbr.agent.bWz - Running heap leak analysis.
2015-03-08 13:10:24,490 INFO  [main] eu.plumbr.agent.bVX - Overwriting existing libs. Use property 'overwriteNativeLibs' to change this
2015-03-08 13:10:25,094 INFO  [main] eu.plumbr.agent.cbO - Native library successfully loaded
2015-03-08 13:10:25,095 INFO  [main] Native - Plumbr native logging started. Native agent built on Fri Feb 27 10:57:48 2015
2015-03-08 13:10:25,161 INFO  [main] eu.plumbr.agent.bYG - Main class: org.eclipse.jdt.internal.jarinjarloader.JarRsrcLoader
2015-03-08 13:10:26,088 WARN  [netty - 1] eu.plumbr.agent.bXQ - Unknown websocket request: '{'request':'startUpdates', 'updateInterval':'5000'}'
2015-03-08 13:10:26,134 INFO  [netty - 1] eu.plumbr.agent.bXI - Handshake complete, websocket connection is fully established
2015-03-08 13:10:26,136 INFO  [Plumbr thread - 1] eu.plumbr.agent.bWa - Enabled probes: [allocation_stats, contention, gc, gcmbean, heap]
2015-03-08 13:10:26,148 INFO  [Plumbr thread - 4] eu.plumbr.agent.bXj$a - Found major Garbage Collector MarkSweepCompact
2015-03-08 13:10:26,148 INFO  [Plumbr thread - 1] eu.plumbr.agent.bWa - Plumbr session 0041919gYBt4l9UIhdWBCLqzQE8FzJ_JM= started
2015-03-08 13:10:37,155 INFO  [Plumbr thread - 2] eu.plumbr.agent.bXo - Warmup completed. Plumbr status is running.
2015-03-08 13:10:37,203 INFO  [Plumbr thread - 12] eu.plumbr.agent.bWs - Object tracking started. Objects allocated during warmup: 17253
2015-03-08 13:10:46,149 INFO  [Plumbr thread - 6] eu.plumbr.agent.bWz - Running heap leak analysis.
2015-03-08 13:12:17,100 INFO  [main] eu.plumbr.agent.bVX - Overwriting existing libs. Use property 'overwriteNativeLibs' to change this
2015-03-08 13:12:17,709 INFO  [main] eu.plumbr.agent.cbO - Native library successfully loaded
2015-03-08 13:12:17,709 INFO  [main] Native - Plumbr native logging started. Native agent built on Fri Feb 27 10:57:48 2015
2015-03-08 13:12:17,775 INFO  [main] eu.plumbr.agent.bYG - Main class: org.eclipse.jdt.internal.jarinjarloader.JarRsrcLoader
2015-03-08 13:12:18,689 WARN  [netty - 1] eu.plumbr.agent.bXQ - Unknown websocket request: '{'request':'startUpdates', 'updateInterval':'5000'}'
2015-03-08 13:12:18,737 INFO  [netty - 1] eu.plumbr.agent.bXI - Handshake complete, websocket connection is fully established
2015-03-08 13:12:18,740 INFO  [Plumbr thread - 1] eu.plumbr.agent.bWa - Enabled probes: [allocation_stats, class_stats, contention, gc, gcmbean, heap]
2015-03-08 13:12:18,754 INFO  [Plumbr thread - 4] eu.plumbr.agent.bXj$a - Found major Garbage Collector MarkSweepCompact
2015-03-08 13:12:18,754 INFO  [Plumbr thread - 1] eu.plumbr.agent.bWa - Plumbr session 004191wRHQUKULBa0t_Ywr8vdpavl7Feo= started
2015-03-08 13:12:26,762 INFO  [Plumbr thread - 2] eu.plumbr.agent.bXo - Warmup completed. Plumbr status is running.
2015-03-08 13:12:26,797 INFO  [Plumbr thread - 16] eu.plumbr.agent.bWs - Object tracking started. Objects allocated during warmup: 65649
2015-03-08 13:12:28,756 INFO  [Plumbr thread - 16] eu.plumbr.agent.bWz - Running heap leak analysis.
2015-03-08 13:13:38,765 INFO  [Plumbr thread - 9] eu.plumbr.agent.bWz - Running heap leak analysis.
2015-03-08 13:14:48,875 INFO  [Plumbr thread - 12] eu.plumbr.agent.bWz - Running heap leak analysis.
2015-03-08 13:15:17,023 INFO  [main] eu.plumbr.agent.bVX - Overwriting existing libs. Use property 'overwriteNativeLibs' to change this
2015-03-08 13:15:18,025 INFO  [main] eu.plumbr.agent.cbO - Native library successfully loaded
2015-03-08 13:15:18,026 INFO  [main] Native - Plumbr native logging started. Native agent built on Fri Feb 27 10:57:48 2015
2015-03-08 13:15:18,091 INFO  [main] eu.plumbr.agent.bYG - Main class: org.eclipse.jdt.internal.jarinjarloader.JarRsrcLoader
2015-03-08 13:15:19,011 WARN  [netty - 1] eu.plumbr.agent.bXQ - Unknown websocket request: '{'request':'startUpdates', 'updateInterval':'5000'}'
2015-03-08 13:15:19,040 INFO  [netty - 1] eu.plumbr.agent.bXI - Handshake complete, websocket connection is fully established
2015-03-08 13:15:19,043 INFO  [Plumbr thread - 1] eu.plumbr.agent.bWa - Enabled probes: [allocation_stats, contention, gc, gcmbean, heap]
2015-03-08 13:15:19,056 INFO  [Plumbr thread - 4] eu.plumbr.agent.bXj$a - Found major Garbage Collector MarkSweepCompact
2015-03-08 13:15:19,056 INFO  [Plumbr thread - 1] eu.plumbr.agent.bWa - Plumbr session 004191xwx7U6pDALwLDIbh5_YXTvpPhXE= started
2015-03-08 13:15:31,071 INFO  [Plumbr thread - 2] eu.plumbr.agent.bXo - Warmup completed. Plumbr status is running.
2015-03-08 13:15:31,128 INFO  [Plumbr thread - 1] eu.plumbr.agent.bWs - Object tracking started. Objects allocated during warmup: 6403
2015-03-08 13:15:39,058 INFO  [Plumbr thread - 4] eu.plumbr.agent.bWz - Running heap leak analysis.
2015-03-08 13:16:49,065 INFO  [Plumbr thread - 4] eu.plumbr.agent.bWz - Running heap leak analysis.
2015-03-08 13:18:14,576 INFO  [main] eu.plumbr.agent.bVX - Overwriting existing libs. Use property 'overwriteNativeLibs' to change this
2015-03-08 13:18:15,181 INFO  [main] eu.plumbr.agent.cbO - Native library successfully loaded
2015-03-08 13:18:15,181 INFO  [main] Native - Plumbr native logging started. Native agent built on Fri Feb 27 10:57:48 2015
2015-03-08 13:18:15,247 INFO  [main] eu.plumbr.agent.bYG - Main class: org.eclipse.jdt.internal.jarinjarloader.JarRsrcLoader
2015-03-08 13:18:16,186 WARN  [netty - 1] eu.plumbr.agent.bXQ - Unknown websocket request: '{'request':'startUpdates', 'updateInterval':'5000'}'
2015-03-08 13:18:16,229 INFO  [netty - 1] eu.plumbr.agent.bXI - Handshake complete, websocket connection is fully established
2015-03-08 13:18:16,237 INFO  [Plumbr thread - 1] eu.plumbr.agent.bWa - Enabled probes: [allocation_stats, class_stats, contention, gc, gcmbean, heap]
2015-03-08 13:18:16,251 INFO  [Plumbr thread - 4] eu.plumbr.agent.bXj$a - Found major Garbage Collector MarkSweepCompact
2015-03-08 13:18:16,251 INFO  [Plumbr thread - 1] eu.plumbr.agent.bWa - Plumbr session 004191-pgNafkBethfdTqIFo9tgu_sc-s= started
2015-03-08 13:18:30,864 INFO  [main] eu.plumbr.agent.bVX - Overwriting existing libs. Use property 'overwriteNativeLibs' to change this
2015-03-08 13:18:31,489 INFO  [main] eu.plumbr.agent.cbO - Native library successfully loaded
2015-03-08 13:18:31,489 INFO  [main] Native - Plumbr native logging started. Native agent built on Fri Feb 27 10:57:48 2015
2015-03-08 13:18:31,557 INFO  [main] eu.plumbr.agent.bYG - Main class: org.eclipse.jdt.internal.jarinjarloader.JarRsrcLoader
2015-03-08 13:18:33,066 WARN  [netty - 1] eu.plumbr.agent.bXQ - Unknown websocket request: '{'request':'startUpdates', 'updateInterval':'5000'}'
2015-03-08 13:18:33,122 INFO  [netty - 1] eu.plumbr.agent.bXI - Handshake complete, websocket connection is fully established
2015-03-08 13:18:33,130 INFO  [Plumbr thread - 1] eu.plumbr.agent.bWa - Enabled probes: [allocation_stats, class_stats, contention, gc, gcmbean, heap]
2015-03-08 13:18:33,142 INFO  [Plumbr thread - 1] eu.plumbr.agent.bWa - Plumbr session 004191Ga00k8NK0UcFuyB-TCS4h4AejYo= started
2015-03-08 13:18:33,142 INFO  [Plumbr thread - 4] eu.plumbr.agent.bXj$a - Found major Garbage Collector MarkSweepCompact
2015-03-08 13:18:42,146 INFO  [Plumbr thread - 2] eu.plumbr.agent.bXo - Warmup completed. Plumbr status is running.
2015-03-08 13:18:42,185 INFO  [Plumbr thread - 1] eu.plumbr.agent.bWs - Object tracking started. Objects allocated during warmup: 68196
2015-03-08 13:18:43,142 INFO  [Plumbr thread - 16] eu.plumbr.agent.bWz - Running heap leak analysis.
2015-03-08 13:19:53,153 INFO  [Plumbr thread - 9] eu.plumbr.agent.bWz - Running heap leak analysis.
2015-03-08 13:21:01,687 INFO  [main] eu.plumbr.agent.bVX - Overwriting existing libs. Use property 'overwriteNativeLibs' to change this
2015-03-08 13:21:02,288 INFO  [main] eu.plumbr.agent.cbO - Native library successfully loaded
2015-03-08 13:21:02,288 INFO  [main] Native - Plumbr native logging started. Native agent built on Fri Feb 27 10:57:48 2015
2015-03-08 13:21:02,354 INFO  [main] eu.plumbr.agent.bYG - Main class: org.eclipse.jdt.internal.jarinjarloader.JarRsrcLoader
2015-03-08 13:21:03,281 WARN  [netty - 1] eu.plumbr.agent.bXQ - Unknown websocket request: '{'request':'startUpdates', 'updateInterval':'5000'}'
2015-03-08 13:21:03,327 INFO  [netty - 1] eu.plumbr.agent.bXI - Handshake complete, websocket connection is fully established
2015-03-08 13:21:03,335 INFO  [Plumbr thread - 1] eu.plumbr.agent.bWa - Enabled probes: [allocation_stats, contention, gc, gcmbean, heap]
2015-03-08 13:21:03,349 INFO  [Plumbr thread - 4] eu.plumbr.agent.bXj$a - Found major Garbage Collector MarkSweepCompact
2015-03-08 13:21:03,349 INFO  [Plumbr thread - 1] eu.plumbr.agent.bWa - Plumbr session 004191TdCQ0lST1vuGu70biaQwMY3TvG8= started
2015-03-08 13:21:11,354 INFO  [Plumbr thread - 2] eu.plumbr.agent.bXo - Warmup completed. Plumbr status is running.
2015-03-08 13:21:11,364 INFO  [Plumbr thread - 16] eu.plumbr.agent.bWs - Object tracking started. Objects allocated during warmup: 65613
2015-03-08 13:21:13,350 INFO  [Plumbr thread - 3] eu.plumbr.agent.bWz - Running heap leak analysis.
2015-03-08 13:22:23,360 INFO  [Plumbr thread - 16] eu.plumbr.agent.bWz - Running heap leak analysis.
2015-03-08 13:23:39,234 INFO  [main] eu.plumbr.agent.bVX - Overwriting existing libs. Use property 'overwriteNativeLibs' to change this
2015-03-08 13:23:40,203 INFO  [main] eu.plumbr.agent.cbO - Native library successfully loaded
2015-03-08 13:23:40,203 INFO  [main] Native - Plumbr native logging started. Native agent built on Fri Feb 27 10:57:48 2015
2015-03-08 13:23:40,268 INFO  [main] eu.plumbr.agent.bYG - Main class: org.eclipse.jdt.internal.jarinjarloader.JarRsrcLoader
2015-03-08 13:23:41,304 WARN  [netty - 1] eu.plumbr.agent.bXQ - Unknown websocket request: '{'request':'startUpdates', 'updateInterval':'5000'}'
2015-03-08 13:23:41,349 INFO  [netty - 1] eu.plumbr.agent.bXI - Handshake complete, websocket connection is fully established
2015-03-08 13:23:41,359 INFO  [Plumbr thread - 1] eu.plumbr.agent.bWa - Enabled probes: [allocation_stats, contention, gc, gcmbean, heap]
2015-03-08 13:23:41,371 INFO  [Plumbr thread - 4] eu.plumbr.agent.bXj$a - Found major Garbage Collector MarkSweepCompact
2015-03-08 13:23:41,371 INFO  [Plumbr thread - 1] eu.plumbr.agent.bWa - Plumbr session 004191DgcD2k5FfVT0ZJqmNdp6LAiKBgs= started
2015-03-08 13:23:48,379 INFO  [Plumbr thread - 2] eu.plumbr.agent.bXo - Warmup completed. Plumbr status is running.
2015-03-08 13:23:48,417 INFO  [Plumbr thread - 3] eu.plumbr.agent.bWs - Object tracking started. Objects allocated during warmup: 62500
2015-03-08 13:23:51,372 INFO  [Plumbr thread - 15] eu.plumbr.agent.bWz - Running heap leak analysis.
2015-03-08 13:25:01,378 INFO  [Plumbr thread - 7] eu.plumbr.agent.bWz - Running heap leak analysis.
2015-03-08 13:25:15,472 INFO  [main] eu.plumbr.agent.bVX - Overwriting existing libs. Use property 'overwriteNativeLibs' to change this
2015-03-08 13:25:16,070 INFO  [main] eu.plumbr.agent.cbO - Native library successfully loaded
2015-03-08 13:25:16,070 INFO  [main] Native - Plumbr native logging started. Native agent built on Fri Feb 27 10:57:48 2015
2015-03-08 13:25:16,135 INFO  [main] eu.plumbr.agent.bYG - Main class: org.eclipse.jdt.internal.jarinjarloader.JarRsrcLoader
2015-03-08 13:25:17,056 WARN  [netty - 1] eu.plumbr.agent.bXQ - Unknown websocket request: '{'request':'startUpdates', 'updateInterval':'5000'}'
2015-03-08 13:25:17,104 INFO  [netty - 1] eu.plumbr.agent.bXI - Handshake complete, websocket connection is fully established
2015-03-08 13:25:17,112 INFO  [Plumbr thread - 1] eu.plumbr.agent.bWa - Enabled probes: [allocation_stats, contention, gc, gcmbean, heap]
2015-03-08 13:25:17,125 INFO  [Plumbr thread - 4] eu.plumbr.agent.bXj$a - Found major Garbage Collector MarkSweepCompact
2015-03-08 13:25:17,125 INFO  [Plumbr thread - 1] eu.plumbr.agent.bWa - Plumbr session 004191ubGcgtO0QBja8faUTJd-fyIJw58= started
2015-03-08 13:25:32,134 INFO  [Plumbr thread - 2] eu.plumbr.agent.bXo - Warmup completed. Plumbr status is running.
2015-03-08 13:25:32,183 INFO  [Plumbr thread - 12] eu.plumbr.agent.bWs - Object tracking started. Objects allocated during warmup: 1805
2015-03-08 13:25:37,126 INFO  [Plumbr thread - 5] eu.plumbr.agent.bWz - Running heap leak analysis.
2015-03-08 14:18:20,996 INFO  [main] eu.plumbr.agent.bVX - Overwriting existing libs. Use property 'overwriteNativeLibs' to change this
2015-03-08 14:18:21,595 INFO  [main] eu.plumbr.agent.cbO - Native library successfully loaded
2015-03-08 14:18:21,596 INFO  [main] Native - Plumbr native logging started. Native agent built on Fri Feb 27 10:57:48 2015
2015-03-08 14:18:21,661 INFO  [main] eu.plumbr.agent.bYG - Main class: org.eclipse.jdt.internal.jarinjarloader.JarRsrcLoader
2015-03-08 14:18:22,591 WARN  [netty - 1] eu.plumbr.agent.bXQ - Unknown websocket request: '{'request':'startUpdates', 'updateInterval':'5000'}'
2015-03-08 14:18:22,656 INFO  [netty - 1] eu.plumbr.agent.bXI - Handshake complete, websocket connection is fully established
2015-03-08 14:18:22,664 INFO  [Plumbr thread - 1] eu.plumbr.agent.bWa - Enabled probes: [allocation_stats, class_stats, contention, gc, gcmbean, heap]
2015-03-08 14:18:22,676 INFO  [Plumbr thread - 1] eu.plumbr.agent.bWa - Plumbr session 004191IhE7lWCpuf5bhqJQBr_8dMnZBc8= started
2015-03-08 14:18:22,676 INFO  [Plumbr thread - 4] eu.plumbr.agent.bXj$a - Found major Garbage Collector MarkSweepCompact
2015-03-08 14:18:35,687 INFO  [Plumbr thread - 2] eu.plumbr.agent.bXo - Warmup completed. Plumbr status is running.
2015-03-08 14:18:35,733 INFO  [Plumbr thread - 10] eu.plumbr.agent.bWs - Object tracking started. Objects allocated during warmup: 13618
2015-03-08 14:18:42,678 INFO  [Plumbr thread - 15] eu.plumbr.agent.bWz - Running heap leak analysis.
2015-03-08 14:19:04,086 INFO  [main] eu.plumbr.agent.bVX - Overwriting existing libs. Use property 'overwriteNativeLibs' to change this
